INFO:root:Your sha1 is 64bb6d763bed0a9f1d632ec347938594144943ed. Latest version is 1.21.11 with sha1 of 64bb6d763bed0a9f1d632ec347938594144943ed
INFO:root:Server is already up to date.
INFO:root:Your sha1 is 64bb6d763bed0a9f1d632ec347938594144943ed. Latest version is 1.21.11 with sha1 of 64bb6d763bed0a9f1d632ec347938594144943ed
INFO:root:Server is already up to date.
INFO:root:Your sha1 is 64bb6d763bed0a9f1d632ec347938594144943ed. Latest version is 1.21.11 with sha1 of 64bb6d763bed0a9f1d632ec347938594144943ed
INFO:root:Server is already up to date.
INFO:root:Your sha1 is 64bb6d763bed0a9f1d632ec347938594144943ed. Latest version is 1.21.11 with sha1 of 64bb6d763bed0a9f1d632ec347938594144943ed
INFO:root:Server is already up to date.
INFO:root:Your sha1 is 64bb6d763bed0a9f1d632ec347938594144943ed. Latest version is 1.21.11 with sha1 of 64bb6d763bed0a9f1d632ec347938594144943ed
INFO:root:Server is already up to date.
INFO:root:Your sha1 is 3872a7f07a1a595e651aef8b058dfc2bb3772f46. Latest version is 26.1 with sha1 of 3872a7f07a1a595e651aef8b058dfc2bb3772f46
INFO:root:Server is already up to date.
INFO:root:Your sha1 is 3872a7f07a1a595e651aef8b058dfc2bb3772f46. Latest version is 26.1 with sha1 of 3872a7f07a1a595e651aef8b058dfc2bb3772f46
INFO:root:Server is already up to date.
INFO:root:Your sha1 is 3872a7f07a1a595e651aef8b058dfc2bb3772f46. Latest version is 26.1 with sha1 of 3872a7f07a1a595e651aef8b058dfc2bb3772f46
INFO:root:Server is already up to date.
INFO:root:Your sha1 is 64bb6d763bed0a9f1d632ec347938594144943ed. Latest version is 26.1 with sha1 of 3872a7f07a1a595e651aef8b058dfc2bb3772f46
INFO:root:Updating server...
INFO:root:Downloading .jar from https://piston-data.mojang.com/v1/objects/3872a7f07a1a595e651aef8b058dfc2bb3772f46/server.jar...
INFO:root:Downloaded.
INFO:root:Backing up world before updating jar...
INFO:root:Backed up world.
INFO:root:Updating server .jar
INFO:root:Your sha1 is 64bb6d763bed0a9f1d632ec347938594144943ed. Latest version is 26.1 with sha1 of 3872a7f07a1a595e651aef8b058dfc2bb3772f46
INFO:root:Updating server...
INFO:root:Downloading .jar from https://piston-data.mojang.com/v1/objects/3872a7f07a1a595e651aef8b058dfc2bb3772f46/server.jar...
INFO:root:Downloaded.
INFO:root:Backing up world before updating jar...
INFO:root:Backed up world.
INFO:root:Updating server .jar
INFO:root:Your sha1 is 64bb6d763bed0a9f1d632ec347938594144943ed. Latest version is 26.1 with sha1 of 3872a7f07a1a595e651aef8b058dfc2bb3772f46
INFO:root:Updating server...
INFO:root:Downloading .jar from https://piston-data.mojang.com/v1/objects/3872a7f07a1a595e651aef8b058dfc2bb3772f46/server.jar...
INFO:root:Downloaded.
INFO:root:Backing up world before updating jar...
INFO:root:Backed up world.
INFO:root:Updating server .jar
INFO:root:Your sha1 is 64bb6d763bed0a9f1d632ec347938594144943ed. Latest version is 26.1 with sha1 of 3872a7f07a1a595e651aef8b058dfc2bb3772f46
INFO:root:Updating server...
INFO:root:Downloading .jar from https://piston-data.mojang.com/v1/objects/3872a7f07a1a595e651aef8b058dfc2bb3772f46/server.jar...
INFO:root:Downloaded.
INFO:root:Backing up world before updating jar...
INFO:root:Backed up world.
INFO:root:Updating server .jar
INFO:root:Your sha1 is 64bb6d763bed0a9f1d632ec347938594144943ed. Latest version is 26.1 with sha1 of 3872a7f07a1a595e651aef8b058dfc2bb3772f46
INFO:root:Updating server...
INFO:root:Downloading .jar from https://piston-data.mojang.com/v1/objects/3872a7f07a1a595e651aef8b058dfc2bb3772f46/server.jar...
INFO:root:Downloaded.
INFO:root:Backing up world before updating jar...
INFO:root:Backed up world.
INFO:root:Updating server .jar
INFO:root:Update complete. Server will be started by web panel.
INFO:root:Your sha1 is 3872a7f07a1a595e651aef8b058dfc2bb3772f46. Latest version is 26.1 with sha1 of 3872a7f07a1a595e651aef8b058dfc2bb3772f46
INFO:root:Server is already up to date.
INFO:root:Your sha1 is 3872a7f07a1a595e651aef8b058dfc2bb3772f46. Latest version is 26.1 with sha1 of 3872a7f07a1a595e651aef8b058dfc2bb3772f46
INFO:root:Server is already up to date.
INFO:root:Your sha1 is 3872a7f07a1a595e651aef8b058dfc2bb3772f46. Latest version is 26.1 with sha1 of 3872a7f07a1a595e651aef8b058dfc2bb3772f46
INFO:root:Server is already up to date.
